<?xml version="1.0" encoding="UTF-8"?>
<!-- Generated by org.testng.reporters.JUnitReportReporter -->
<testsuite hostname="DESKTOP-G8MI1JR" failures="0" tests="4" name="tests.HomeNavigationTest" time="1.727" errors="0" timestamp="2026-09-21T14:51:02 BST" skipped="0">
  <testcase classname="tests.HomeNavigationTest" name="clickingViewAllOnActiveHobbiesShouldNavigateToActiveHobbiesCategoryPage" time="0.555"/>
  <testcase classname="tests.HomeNavigationTest" name="clickingBrowseAllShouldNavigateToBrowseAllPage" time="0.370"/>
  <testcase classname="tests.HomeNavigationTest" name="clickingQuizButtonShouldNavigateToQuizPage" time="0.356"/>
  <testcase classname="tests.HomeNavigationTest" name="clickingAboutUsShouldNavigateToAboutUsPage" time="0.446"/>
</testsuite> <!-- tests.HomeNavigationTest -->
