<?xml version="1.0" encoding="UTF-8"?>
<!-- Generated by org.testng.reporters.JUnitReportReporter -->
<testsuite hostname="DESKTOP-G8MI1JR" failures="0" tests="4" name="tests.HomeNavigationTest" time="1.756" errors="0" timestamp="2026-09-21T11:03:44 BST" skipped="0">
  <testcase classname="tests.HomeNavigationTest" name="clickingViewAllOnActiveHobbiesShouldNavigateToActiveHobbiesCategoryPage" time="0.374"/>
  <testcase classname="tests.HomeNavigationTest" name="clickingBrowseAllShouldNavigateToBrowseAllPage" time="0.517"/>
  <testcase classname="tests.HomeNavigationTest" name="clickingQuizButtonShouldNavigateToQuizPage" time="0.287"/>
  <testcase classname="tests.HomeNavigationTest" name="clickingAboutUsShouldNavigateToAboutUsPage" time="0.578"/>
</testsuite> <!-- tests.HomeNavigationTest -->
