<?xml version="1.0" encoding="UTF-8"?>
<!-- Generated by org.testng.reporters.JUnitReportReporter -->
<testsuite hostname="DESKTOP-G8MI1JR" failures="0" tests="4" name="tests.HobbyDetailsDisplayTest" time="0.746" errors="0" timestamp="2026-09-21T10:59:58 BST" skipped="0">
  <testcase classname="tests.HobbyDetailsDisplayTest" name="hobbyDetailsFeaturesBarShouldDisplayCorrectly" time="0.513"/>
  <testcase classname="tests.HobbyDetailsDisplayTest" name="hobbyDetailsHeaderCardShouldDisplayCorrectly" time="0.059"/>
  <testcase classname="tests.HobbyDetailsDisplayTest" name="hobbyDetailsDescriptionShouldDisplayCorrectly" time="0.092"/>
  <testcase classname="tests.HobbyDetailsDisplayTest" name="hobbyDetailsYoutubeVideoShouldDisplayCorrectly" time="0.082"/>
</testsuite> <!-- tests.HobbyDetailsDisplayTest -->
