<?xml version="1.0" encoding="UTF-8"?>
<!-- Generated by org.testng.reporters.JUnitReportReporter -->
<testsuite hostname="DESKTOP-G8MI1JR" failures="0" tests="5" name="tests.BrowseAllFiltersTest" time="6.014" errors="0" timestamp="2026-09-21T14:21:43 BST" skipped="0">
  <testcase classname="tests.BrowseAllFiltersTest" name="selectingPriceFilterShouldFilterResultsBySelectedPriceCategory" time="0.923"/>
  <testcase classname="tests.BrowseAllFiltersTest" name="selectingCategoryAndPriceFiltersShouldReturnResultsFilteredByCategoryAndPrice" time="1.635"/>
  <testcase classname="tests.BrowseAllFiltersTest" name="selectingCategoryFilterShouldShowFilteredResultsBySelectedCategory" time="1.024"/>
  <testcase classname="tests.BrowseAllFiltersTest" name="selectingMultipleResultsWhichHaveNoResultsShouldReturnStingMessage" time="0.601"/>
  <testcase classname="tests.BrowseAllFiltersTest" name="selectingCategoryFilterThenClearingFilterShouldShowAllResults" time="1.831"/>
</testsuite> <!-- tests.BrowseAllFiltersTest -->
