<?xml version="1.0" encoding="UTF-8"?>
<!-- Generated by org.testng.reporters.JUnitReportReporter -->
<testsuite hostname="DESKTOP-G8MI1JR" failures="0" tests="3" name="tests.QuizTest" time="3.927" errors="0" timestamp="2026-09-21T17:31:39 BST" skipped="0">
  <testcase classname="tests.QuizTest" name="nextButtonShouldBeDisabledWhenUserHasNotAnsweredQuestion" time="0.505"/>
  <testcase classname="tests.QuizTest" name="userShouldBeRedirectedToResultsPageOnceAllQuestionsAreAnswered" time="2.924"/>
  <testcase classname="tests.QuizTest" name="userShouldProgressThroughQuizWhenSelectingAnswer" time="0.498"/>
</testsuite> <!-- tests.QuizTest -->
