<?xml version="1.0" encoding="UTF-8"?>
<!-- Generated by org.testng.reporters.JUnitReportReporter -->
<testsuite hostname="DESKTOP-G8MI1JR" failures="0" tests="4" name="tests.HobbyDetailsDisplayTest" time="0.420" errors="0" timestamp="2026-09-21T14:21:43 BST" skipped="0">
  <testcase classname="tests.HobbyDetailsDisplayTest" name="hobbyDetailsDescriptionShouldDisplayCorrectly" time="0.082"/>
  <testcase classname="tests.HobbyDetailsDisplayTest" name="hobbyDetailsHeaderCardShouldDisplayCorrectly" time="0.065"/>
  <testcase classname="tests.HobbyDetailsDisplayTest" name="hobbyDetailsFeaturesBarShouldDisplayCorrectly" time="0.224"/>
  <testcase classname="tests.HobbyDetailsDisplayTest" name="hobbyDetailsYoutubeVideoShouldDisplayCorrectly" time="0.049"/>
</testsuite> <!-- tests.HobbyDetailsDisplayTest -->
