<?xml version="1.0" encoding="UTF-8"?>
<!-- Generated by org.testng.reporters.JUnitReportReporter -->
<testsuite hostname="DESKTOP-G8MI1JR" failures="0" tests="3" name="tests.QuizResultsTest" time="0.874" errors="0" timestamp="2026-09-21T17:31:39 BST" skipped="0">
  <testcase classname="tests.QuizResultsTest" name="userShouldSee5HobbyRecommendationWhenResultsPageLoads" time="0.109"/>
  <testcase classname="tests.QuizResultsTest" name="resultsDisplayedShouldShowPercentagesInDescendingOrderForEachCard" time="0.688"/>
  <testcase classname="tests.QuizResultsTest" name="topResultShouldBeDisplayedCorrectly" time="0.077"/>
</testsuite> <!-- tests.QuizResultsTest -->
