<?xml version="1.0" encoding="UTF-8"?>
<testng-results ignored="0" total="9" passed="9" failed="0" skipped="0">
  <reporter-output>
  </reporter-output>
  <suite started-at="2026-09-21T14:50:52 BST" name="Surefire suite" finished-at="2026-09-21T14:51:02 BST" duration-ms="9417">
    <groups>
    </groups>
    <test started-at="2026-09-21T14:50:52 BST" name="Surefire test" finished-at="2026-09-21T14:51:02 BST" duration-ms="9417">
      <class name="tests.HobbyDetailsDisplayTest">
        <test-method is-config="true" signature="setup()[pri:0, instance:tests.HobbyDetailsDisplayTest@48e4374]" started-at="2026-09-21T14:50:53 BST" name="setup" finished-at="2026-09-21T14:50:55 BST" duration-ms="2060" status="PASS">
          <reporter-output>
          </reporter-output>
        </test-method> <!-- setup -->
        <test-method is-config="true" signature="setUpHobbyDetails()[pri:0, instance:tests.HobbyDetailsDisplayTest@48e4374]" started-at="2026-09-21T14:50:55 BST" name="setUpHobbyDetails" finished-at="2026-09-21T14:50:55 BST" duration-ms="749" status="PASS">
          <reporter-output>
          </reporter-output>
        </test-method> <!-- setUpHobbyDetails -->
        <test-method signature="hobbyDetailsDescriptionShouldDisplayCorrectly()[pri:0, instance:tests.HobbyDetailsDisplayTest@48e4374]" started-at="2026-09-21T14:50:55 BST" name="hobbyDetailsDescriptionShouldDisplayCorrectly" finished-at="2026-09-21T14:50:55 BST" duration-ms="61" status="PASS">
          <reporter-output>
          </reporter-output>
        </test-method> <!-- hobbyDetailsDescriptionShouldDisplayCorrectly -->
        <test-method signature="hobbyDetailsFeaturesBarShouldDisplayCorrectly()[pri:0, instance:tests.HobbyDetailsDisplayTest@48e4374]" started-at="2026-09-21T14:50:55 BST" name="hobbyDetailsFeaturesBarShouldDisplayCorrectly" finished-at="2026-09-21T14:50:56 BST" duration-ms="497" status="PASS">
          <reporter-output>
          </reporter-output>
        </test-method> <!-- hobbyDetailsFeaturesBarShouldDisplayCorrectly -->
        <test-method signature="hobbyDetailsHeaderCardShouldDisplayCorrectly()[pri:0, instance:tests.HobbyDetailsDisplayTest@48e4374]" started-at="2026-09-21T14:50:56 BST" name="hobbyDetailsHeaderCardShouldDisplayCorrectly" finished-at="2026-09-21T14:50:56 BST" duration-ms="89" status="PASS">
          <reporter-output>
          </reporter-output>
        </test-method> <!-- hobbyDetailsHeaderCardShouldDisplayCorrectly -->
        <test-method signature="hobbyDetailsYoutubeVideoShouldDisplayCorrectly()[pri:0, instance:tests.HobbyDetailsDisplayTest@48e4374]" started-at="2026-09-21T14:50:56 BST" name="hobbyDetailsYoutubeVideoShouldDisplayCorrectly" finished-at="2026-09-21T14:50:56 BST" duration-ms="54" status="PASS">
          <reporter-output>
          </reporter-output>
        </test-method> <!-- hobbyDetailsYoutubeVideoShouldDisplayCorrectly -->
        <test-method is-config="true" signature="teardown()[pri:0, instance:tests.HobbyDetailsDisplayTest@48e4374]" started-at="2026-09-21T14:50:56 BST" name="teardown" finished-at="2026-09-21T14:50:56 BST" duration-ms="358" status="PASS">
          <reporter-output>
          </reporter-output>
        </test-method> <!-- teardown -->
      </class> <!-- tests.HobbyDetailsDisplayTest -->
      <class name="tests.QuizTest">
        <test-method is-config="true" signature="setup()[pri:0, instance:tests.QuizTest@4b5d6a01]" started-at="2026-09-21T14:51:00 BST" name="setup" finished-at="2026-09-21T14:51:01 BST" duration-ms="1134" status="PASS">
          <reporter-output>
          </reporter-output>
        </test-method> <!-- setup -->
        <test-method is-config="true" signature="setUpQuizPage()[pri:0, instance:tests.QuizTest@4b5d6a01]" started-at="2026-09-21T14:51:01 BST" name="setUpQuizPage" finished-at="2026-09-21T14:51:01 BST" duration-ms="265" status="PASS">
          <reporter-output>
          </reporter-output>
        </test-method> <!-- setUpQuizPage -->
        <test-method signature="nextButtonShouldBeDisabledWhenUserHasNotAnsweredQuestion()[pri:0, instance:tests.QuizTest@4b5d6a01]" started-at="2026-09-21T14:51:01 BST" name="nextButtonShouldBeDisabledWhenUserHasNotAnsweredQuestion" finished-at="2026-09-21T14:51:02 BST" duration-ms="567" status="PASS">
          <reporter-output>
          </reporter-output>
        </test-method> <!-- nextButtonShouldBeDisabledWhenUserHasNotAnsweredQuestion -->
        <test-method is-config="true" signature="teardown()[pri:0, instance:tests.QuizTest@4b5d6a01]" started-at="2026-09-21T14:51:02 BST" name="teardown" finished-at="2026-09-21T14:51:02 BST" duration-ms="196" status="PASS">
          <reporter-output>
          </reporter-output>
        </test-method> <!-- teardown -->
      </class> <!-- tests.QuizTest -->
      <class name="tests.HomeNavigationTest">
        <test-method is-config="true" signature="setup()[pri:0, instance:tests.HomeNavigationTest@3d680b5a]" started-at="2026-09-21T14:50:56 BST" name="setup" finished-at="2026-09-21T14:50:58 BST" duration-ms="1282" status="PASS">
          <reporter-output>
          </reporter-output>
        </test-method> <!-- setup -->
        <test-method signature="clickingAboutUsShouldNavigateToAboutUsPage()[pri:0, instance:tests.HomeNavigationTest@3d680b5a]" started-at="2026-09-21T14:50:58 BST" name="clickingAboutUsShouldNavigateToAboutUsPage" finished-at="2026-09-21T14:50:58 BST" duration-ms="397" status="PASS">
          <reporter-output>
          </reporter-output>
        </test-method> <!-- clickingAboutUsShouldNavigateToAboutUsPage -->
        <test-method is-config="true" signature="teardownPage()[pri:0, instance:tests.HomeNavigationTest@3d680b5a]" started-at="2026-09-21T14:50:58 BST" name="teardownPage" finished-at="2026-09-21T14:50:58 BST" duration-ms="33" status="PASS">
          <reporter-output>
          </reporter-output>
        </test-method> <!-- teardownPage -->
        <test-method signature="clickingBrowseAllShouldNavigateToBrowseAllPage()[pri:0, instance:tests.HomeNavigationTest@3d680b5a]" started-at="2026-09-21T14:50:58 BST" name="clickingBrowseAllShouldNavigateToBrowseAllPage" finished-at="2026-09-21T14:50:58 BST" duration-ms="352" status="PASS">
          <reporter-output>
          </reporter-output>
        </test-method> <!-- clickingBrowseAllShouldNavigateToBrowseAllPage -->
        <test-method is-config="true" signature="teardownPage()[pri:0, instance:tests.HomeNavigationTest@3d680b5a]" started-at="2026-09-21T14:50:58 BST" name="teardownPage" finished-at="2026-09-21T14:50:58 BST" duration-ms="18" status="PASS">
          <reporter-output>
          </reporter-output>
        </test-method> <!-- teardownPage -->
        <test-method signature="clickingQuizButtonShouldNavigateToQuizPage()[pri:0, instance:tests.HomeNavigationTest@3d680b5a]" started-at="2026-09-21T14:50:58 BST" name="clickingQuizButtonShouldNavigateToQuizPage" finished-at="2026-09-21T14:50:59 BST" duration-ms="323" status="PASS">
          <reporter-output>
          </reporter-output>
        </test-method> <!-- clickingQuizButtonShouldNavigateToQuizPage -->
        <test-method is-config="true" signature="teardownPage()[pri:0, instance:tests.HomeNavigationTest@3d680b5a]" started-at="2026-09-21T14:50:59 BST" name="teardownPage" finished-at="2026-09-21T14:50:59 BST" duration-ms="49" status="PASS">
          <reporter-output>
          </reporter-output>
        </test-method> <!-- teardownPage -->
        <test-method signature="clickingViewAllOnActiveHobbiesShouldNavigateToActiveHobbiesCategoryPage()[pri:0, instance:tests.HomeNavigationTest@3d680b5a]" started-at="2026-09-21T14:50:59 BST" name="clickingViewAllOnActiveHobbiesShouldNavigateToActiveHobbiesCategoryPage" finished-at="2026-09-21T14:50:59 BST" duration-ms="534" status="PASS">
          <reporter-output>
          </reporter-output>
        </test-method> <!-- clickingViewAllOnActiveHobbiesShouldNavigateToActiveHobbiesCategoryPage -->
        <test-method is-config="true" signature="teardownPage()[pri:0, instance:tests.HomeNavigationTest@3d680b5a]" started-at="2026-09-21T14:50:59 BST" name="teardownPage" finished-at="2026-09-21T14:50:59 BST" duration-ms="21" status="PASS">
          <reporter-output>
          </reporter-output>
        </test-method> <!-- teardownPage -->
        <test-method is-config="true" signature="teardown()[pri:0, instance:tests.HomeNavigationTest@3d680b5a]" started-at="2026-09-21T14:50:59 BST" name="teardown" finished-at="2026-09-21T14:51:00 BST" duration-ms="283" status="PASS">
          <reporter-output>
          </reporter-output>
        </test-method> <!-- teardown -->
      </class> <!-- tests.HomeNavigationTest -->
    </test> <!-- Surefire test -->
  </suite> <!-- Surefire suite -->
</testng-results>
