<?xml version="1.0" encoding="UTF-8"?>
<testng-results ignored="0" total="6" passed="6" failed="0" skipped="0">
  <reporter-output>
  </reporter-output>
  <suite started-at="2026-09-18T17:54:52 BST" name="Surefire suite" finished-at="2026-09-18T17:54:58 BST" duration-ms="5833">
    <groups>
    </groups>
    <test started-at="2026-09-18T17:54:52 BST" name="Surefire test" finished-at="2026-09-18T17:54:58 BST" duration-ms="5833">
      <class name="tests.HobbyDetailsDisplayTest">
        <test-method is-config="true" signature="setup()[pri:0, instance:tests.HobbyDetailsDisplayTest@149e0f5d]" started-at="2026-09-18T17:54:52 BST" name="setup" finished-at="2026-09-18T17:54:54 BST" duration-ms="2406" status="PASS">
          <reporter-output>
          </reporter-output>
        </test-method> <!-- setup -->
        <test-method is-config="true" signature="setUpHobbyDetails()[pri:0, instance:tests.HobbyDetailsDisplayTest@149e0f5d]" started-at="2026-09-18T17:54:54 BST" name="setUpHobbyDetails" finished-at="2026-09-18T17:54:55 BST" duration-ms="711" status="PASS">
          <reporter-output>
          </reporter-output>
        </test-method> <!-- setUpHobbyDetails -->
        <test-method signature="hobbyDetailsDescriptionShouldDisplayCorrectly()[pri:0, instance:tests.HobbyDetailsDisplayTest@149e0f5d]" started-at="2026-09-18T17:54:55 BST" name="hobbyDetailsDescriptionShouldDisplayCorrectly" finished-at="2026-09-18T17:54:55 BST" duration-ms="61" status="PASS">
          <reporter-output>
          </reporter-output>
        </test-method> <!-- hobbyDetailsDescriptionShouldDisplayCorrectly -->
        <test-method signature="hobbyDetailsFeaturesBarShouldDisplayCorrectly()[pri:0, instance:tests.HobbyDetailsDisplayTest@149e0f5d]" started-at="2026-09-18T17:54:55 BST" name="hobbyDetailsFeaturesBarShouldDisplayCorrectly" finished-at="2026-09-18T17:54:55 BST" duration-ms="76" status="PASS">
          <reporter-output>
          </reporter-output>
        </test-method> <!-- hobbyDetailsFeaturesBarShouldDisplayCorrectly -->
        <test-method signature="hobbyDetailsHeaderCardShouldDisplayCorrectly()[pri:0, instance:tests.HobbyDetailsDisplayTest@149e0f5d]" started-at="2026-09-18T17:54:55 BST" name="hobbyDetailsHeaderCardShouldDisplayCorrectly" finished-at="2026-09-18T17:54:55 BST" duration-ms="26" status="PASS">
          <reporter-output>
          </reporter-output>
        </test-method> <!-- hobbyDetailsHeaderCardShouldDisplayCorrectly -->
        <test-method signature="hobbyDetailsYoutubeVideoShouldDisplayCorrectly()[pri:0, instance:tests.HobbyDetailsDisplayTest@149e0f5d]" started-at="2026-09-18T17:54:55 BST" name="hobbyDetailsYoutubeVideoShouldDisplayCorrectly" finished-at="2026-09-18T17:54:55 BST" duration-ms="49" status="PASS">
          <reporter-output>
          </reporter-output>
        </test-method> <!-- hobbyDetailsYoutubeVideoShouldDisplayCorrectly -->
        <test-method is-config="true" signature="teardown()[pri:0, instance:tests.HobbyDetailsDisplayTest@149e0f5d]" started-at="2026-09-18T17:54:55 BST" name="teardown" finished-at="2026-09-18T17:54:56 BST" duration-ms="161" status="PASS">
          <reporter-output>
          </reporter-output>
        </test-method> <!-- teardown -->
      </class> <!-- tests.HobbyDetailsDisplayTest -->
      <class name="tests.HomeNavigationTest">
        <test-method is-config="true" signature="setup()[pri:0, instance:tests.HomeNavigationTest@7880cdf3]" started-at="2026-09-18T17:54:56 BST" name="setup" finished-at="2026-09-18T17:54:57 BST" duration-ms="1224" status="PASS">
          <reporter-output>
          </reporter-output>
        </test-method> <!-- setup -->
        <test-method signature="clickingBrowseAllShouldNavigateToBrowseAllPage()[pri:0, instance:tests.HomeNavigationTest@7880cdf3]" started-at="2026-09-18T17:54:57 BST" name="clickingBrowseAllShouldNavigateToBrowseAllPage" finished-at="2026-09-18T17:54:57 BST" duration-ms="376" status="PASS">
          <reporter-output>
          </reporter-output>
        </test-method> <!-- clickingBrowseAllShouldNavigateToBrowseAllPage -->
        <test-method signature="clickingQuizButtonShouldNavigateToQuizPage()[pri:0, instance:tests.HomeNavigationTest@7880cdf3]" started-at="2026-09-18T17:54:57 BST" name="clickingQuizButtonShouldNavigateToQuizPage" finished-at="2026-09-18T17:54:58 BST" duration-ms="479" status="PASS">
          <reporter-output>
          </reporter-output>
        </test-method> <!-- clickingQuizButtonShouldNavigateToQuizPage -->
        <test-method is-config="true" signature="teardown()[pri:0, instance:tests.HomeNavigationTest@7880cdf3]" started-at="2026-09-18T17:54:58 BST" name="teardown" finished-at="2026-09-18T17:54:58 BST" duration-ms="197" status="PASS">
          <reporter-output>
          </reporter-output>
        </test-method> <!-- teardown -->
      </class> <!-- tests.HomeNavigationTest -->
    </test> <!-- Surefire test -->
  </suite> <!-- Surefire suite -->
</testng-results>
