<?xml version="1.0" encoding="UTF-8"?>
<!-- Generated by org.testng.reporters.JUnitXMLReporter -->
<testsuite ignored="0" hostname="DESKTOP-G8MI1JR" failures="0" tests="8" name="Surefire test" time="6.559" errors="0" timestamp="2026-09-21T11:03:44 BST">
  <testcase classname="tests.HobbyDetailsDisplayTest" name="hobbyDetailsDescriptionShouldDisplayCorrectly" time="0.122"/>
  <testcase classname="tests.HobbyDetailsDisplayTest" name="hobbyDetailsFeaturesBarShouldDisplayCorrectly" time="0.323"/>
  <testcase classname="tests.HobbyDetailsDisplayTest" name="hobbyDetailsHeaderCardShouldDisplayCorrectly" time="0.038"/>
  <testcase classname="tests.HobbyDetailsDisplayTest" name="hobbyDetailsYoutubeVideoShouldDisplayCorrectly" time="0.04"/>
  <testcase classname="tests.HomeNavigationTest" name="clickingAboutUsShouldNavigateToAboutUsPage" time="0.56"/>
  <testcase classname="tests.HomeNavigationTest" name="clickingBrowseAllShouldNavigateToBrowseAllPage" time="0.481"/>
  <testcase classname="tests.HomeNavigationTest" name="clickingQuizButtonShouldNavigateToQuizPage" time="0.269"/>
  <testcase classname="tests.HomeNavigationTest" name="clickingViewAllOnActiveHobbiesShouldNavigateToActiveHobbiesCategoryPage" time="0.359"/>
</testsuite> <!-- Surefire test -->
