<?xml version="1.0" encoding="UTF-8"?>
<!-- Generated by org.testng.reporters.JUnitXMLReporter -->
<testsuite ignored="0" hostname="DESKTOP-G8MI1JR" failures="0" tests="8" name="Surefire test" time="7.539" errors="0" timestamp="2026-09-21T10:59:58 BST">
  <testcase classname="tests.HobbyDetailsDisplayTest" name="hobbyDetailsDescriptionShouldDisplayCorrectly" time="0.092"/>
  <testcase classname="tests.HobbyDetailsDisplayTest" name="hobbyDetailsFeaturesBarShouldDisplayCorrectly" time="0.513"/>
  <testcase classname="tests.HobbyDetailsDisplayTest" name="hobbyDetailsHeaderCardShouldDisplayCorrectly" time="0.059"/>
  <testcase classname="tests.HobbyDetailsDisplayTest" name="hobbyDetailsYoutubeVideoShouldDisplayCorrectly" time="0.082"/>
  <testcase classname="tests.HomeNavigationTest" name="clickingAboutUsShouldNavigateToAboutUsPage" time="0.299"/>
  <testcase classname="tests.HomeNavigationTest" name="clickingBrowseAllShouldNavigateToBrowseAllPage" time="0.526"/>
  <testcase classname="tests.HomeNavigationTest" name="clickingQuizButtonShouldNavigateToQuizPage" time="0.423"/>
  <testcase classname="tests.HomeNavigationTest" name="clickingViewAllOnActiveHobbiesShouldNavigateToActiveHobbiesCategoryPage" time="0.682"/>
</testsuite> <!-- Surefire test -->
